DEBUG:parso.python.diff:diff parser start
DEBUG:parso.python.diff:diff parser calculated
DEBUG:parso.python.diff:diff: line_lengths old: 1, new: 1
DEBUG:parso.python.diff:diff replace old[1:1] new[1:1]
DEBUG:parso.python.diff:parse_part from 1 to 1 (to 0 in part parser)
DEBUG:parso.python.diff:diff parser end
DEBUG:parso.python.diff:diff parser start
DEBUG:parso.python.diff:diff parser calculated
DEBUG:parso.python.diff:diff: line_lengths old: 1, new: 1
DEBUG:parso.python.diff:diff replace old[1:1] new[1:1]
DEBUG:parso.python.diff:parse_part from 1 to 1 (to 0 in part parser)
DEBUG:parso.python.diff:diff parser end
DEBUG:parso.python.diff:diff parser start
DEBUG:parso.python.diff:diff parser calculated
DEBUG:parso.python.diff:diff: line_lengths old: 1, new: 1
DEBUG:parso.python.diff:diff replace old[1:1] new[1:1]
DEBUG:parso.python.diff:parse_part from 1 to 1 (to 0 in part parser)
DEBUG:parso.python.diff:diff parser end
DEBUG:parso.python.diff:diff parser start
DEBUG:parso.python.diff:diff parser calculated
DEBUG:parso.python.diff:diff: line_lengths old: 1, new: 1
DEBUG:parso.python.diff:diff replace old[1:1] new[1:1]
DEBUG:parso.python.diff:parse_part from 1 to 1 (to 0 in part parser)
DEBUG:parso.python.diff:diff parser end
DEBUG:parso.python.diff:diff parser start
DEBUG:parso.python.diff:diff parser calculated
DEBUG:parso.python.diff:diff: line_lengths old: 1, new: 1
DEBUG:parso.python.diff:diff replace old[1:1] new[1:1]
DEBUG:parso.python.diff:parse_part from 1 to 1 (to 0 in part parser)
DEBUG:parso.python.diff:diff parser end
DEBUG:parso.cache:pickle loaded: /usr/lib/python3.5/collections/__init__.py
DEBUG:parso.python.diff:diff parser start
DEBUG:parso.python.diff:diff parser calculated
DEBUG:parso.python.diff:diff: line_lengths old: 1, new: 1
DEBUG:parso.python.diff:diff replace old[1:1] new[1:1]
DEBUG:parso.python.diff:parse_part from 1 to 1 (to 0 in part parser)
DEBUG:parso.python.diff:diff parser end
DEBUG:parso.python.diff:diff parser start
DEBUG:parso.python.diff:diff parser calculated
DEBUG:parso.python.diff:diff: line_lengths old: 1, new: 1
DEBUG:parso.python.diff:diff replace old[1:1] new[1:1]
DEBUG:parso.python.diff:parse_part from 1 to 1 (to 0 in part parser)
DEBUG:parso.python.diff:diff parser end
DEBUG:parso.python.diff:diff parser start
DEBUG:parso.python.diff:diff parser calculated
DEBUG:parso.python.diff:diff: line_lengths old: 1, new: 1
DEBUG:parso.python.diff:diff replace old[1:1] new[1:1]
DEBUG:parso.python.diff:parse_part from 1 to 1 (to 0 in part parser)
DEBUG:parso.python.diff:diff parser end
DEBUG:parso.python.diff:diff parser start
DEBUG:parso.python.diff:diff parser calculated
DEBUG:parso.python.diff:diff: line_lengths old: 1, new: 1
DEBUG:parso.python.diff:diff replace old[1:1] new[1:1]
DEBUG:parso.python.diff:parse_part from 1 to 1 (to 0 in part parser)
DEBUG:parso.python.diff:diff parser end
DEBUG:parso.python.diff:diff parser start
DEBUG:parso.python.diff:diff parser calculated
DEBUG:parso.python.diff:diff: line_lengths old: 1, new: 1
DEBUG:parso.python.diff:diff replace old[1:1] new[1:1]
DEBUG:parso.python.diff:parse_part from 1 to 1 (to 0 in part parser)
DEBUG:parso.python.diff:diff parser end
DEBUG:parso.python.diff:diff parser start
DEBUG:parso.python.diff:diff parser calculated
DEBUG:parso.python.diff:diff: line_lengths old: 1, new: 1
DEBUG:parso.python.diff:diff replace old[1:1] new[1:1]
DEBUG:parso.python.diff:parse_part from 1 to 1 (to 0 in part parser)
DEBUG:parso.python.diff:diff parser end
DEBUG:parso.python.diff:diff parser start
DEBUG:parso.python.diff:diff parser calculated
DEBUG:parso.python.diff:diff: line_lengths old: 1, new: 1
DEBUG:parso.python.diff:diff replace old[1:1] new[1:1]
DEBUG:parso.python.diff:parse_part from 1 to 1 (to 0 in part parser)
DEBUG:parso.python.diff:diff parser end
DEBUG:parso.python.diff:diff parser start
DEBUG:parso.python.diff:diff parser calculated
DEBUG:parso.python.diff:diff: line_lengths old: 1, new: 1
DEBUG:parso.python.diff:diff replace old[1:1] new[1:1]
DEBUG:parso.python.diff:parse_part from 1 to 1 (to 0 in part parser)
DEBUG:parso.python.diff:diff parser end
DEBUG:parso.python.diff:diff parser start
DEBUG:parso.python.diff:diff parser calculated
DEBUG:parso.python.diff:diff: line_lengths old: 1, new: 1
DEBUG:parso.python.diff:diff replace old[1:1] new[1:1]
DEBUG:parso.python.diff:parse_part from 1 to 1 (to 0 in part parser)
DEBUG:parso.python.diff:diff parser end
DEBUG:parso.python.diff:diff parser start
DEBUG:parso.python.diff:diff parser calculated
DEBUG:parso.python.diff:diff: line_lengths old: 1, new: 1
DEBUG:parso.python.diff:diff replace old[1:1] new[1:1]
DEBUG:parso.python.diff:parse_part from 1 to 1 (to 0 in part parser)
DEBUG:parso.python.diff:diff parser end
DEBUG:parso.python.diff:diff parser start
DEBUG:parso.python.diff:diff parser calculated
DEBUG:parso.python.diff:diff: line_lengths old: 1, new: 1
DEBUG:parso.python.diff:diff replace old[1:1] new[1:1]
DEBUG:parso.python.diff:parse_part from 1 to 1 (to 0 in part parser)
DEBUG:parso.python.diff:diff parser end
DEBUG:parso.python.diff:diff parser start
DEBUG:parso.python.diff:diff parser calculated
DEBUG:parso.python.diff:diff: line_lengths old: 1, new: 1
DEBUG:parso.python.diff:diff replace old[1:1] new[1:1]
DEBUG:parso.python.diff:parse_part from 1 to 1 (to 0 in part parser)
DEBUG:parso.python.diff:diff parser end
DEBUG:parso.python.diff:diff parser start
DEBUG:parso.python.diff:diff parser calculated
DEBUG:parso.python.diff:diff: line_lengths old: 1, new: 1
DEBUG:parso.python.diff:diff replace old[1:1] new[1:1]
DEBUG:parso.python.diff:parse_part from 1 to 1 (to 0 in part parser)
DEBUG:parso.python.diff:diff parser end
DEBUG:parso.python.diff:diff parser start
DEBUG:parso.python.diff:diff parser calculated
DEBUG:parso.python.diff:diff: line_lengths old: 1, new: 1
DEBUG:parso.python.diff:diff replace old[1:1] new[1:1]
DEBUG:parso.python.diff:parse_part from 1 to 1 (to 0 in part parser)
DEBUG:parso.python.diff:diff parser end
DEBUG:parso.python.diff:diff parser start
DEBUG:parso.python.diff:diff parser calculated
DEBUG:parso.python.diff:diff: line_lengths old: 1, new: 1
DEBUG:parso.python.diff:diff replace old[1:1] new[1:1]
DEBUG:parso.python.diff:parse_part from 1 to 1 (to 0 in part parser)
DEBUG:parso.python.diff:diff parser end
DEBUG:parso.python.diff:diff parser start
DEBUG:parso.python.diff:diff parser calculated
DEBUG:parso.python.diff:diff: line_lengths old: 1, new: 1
DEBUG:parso.python.diff:diff replace old[1:1] new[1:1]
DEBUG:parso.python.diff:parse_part from 1 to 1 (to 0 in part parser)
DEBUG:parso.python.diff:diff parser end
DEBUG:parso.python.diff:diff parser start
DEBUG:parso.python.diff:diff parser calculated
DEBUG:parso.python.diff:diff: line_lengths old: 1, new: 1
DEBUG:parso.python.diff:diff replace old[1:1] new[1:1]
DEBUG:parso.python.diff:parse_part from 1 to 1 (to 0 in part parser)
DEBUG:parso.python.diff:diff parser end
DEBUG:parso.python.diff:diff parser start
DEBUG:parso.python.diff:diff parser calculated
DEBUG:parso.python.diff:diff: line_lengths old: 1, new: 1
DEBUG:parso.python.diff:diff replace old[1:1] new[1:1]
DEBUG:parso.python.diff:parse_part from 1 to 1 (to 0 in part parser)
DEBUG:parso.python.diff:diff parser end
DEBUG:parso.python.diff:diff parser start
DEBUG:parso.python.diff:diff parser calculated
DEBUG:parso.python.diff:diff: line_lengths old: 1, new: 1
DEBUG:parso.python.diff:diff replace old[1:1] new[1:1]
DEBUG:parso.python.diff:parse_part from 1 to 1 (to 0 in part parser)
DEBUG:parso.python.diff:diff parser end
DEBUG:parso.python.diff:diff parser start
DEBUG:parso.python.diff:diff parser calculated
DEBUG:parso.python.diff:diff: line_lengths old: 1, new: 1
DEBUG:parso.python.diff:diff replace old[1:1] new[1:1]
DEBUG:parso.python.diff:parse_part from 1 to 1 (to 0 in part parser)
DEBUG:parso.python.diff:diff parser end
DEBUG:parso.python.diff:diff parser start
DEBUG:parso.python.diff:diff parser calculated
DEBUG:parso.python.diff:diff: line_lengths old: 1, new: 1
DEBUG:parso.python.diff:diff replace old[1:1] new[1:1]
DEBUG:parso.python.diff:parse_part from 1 to 1 (to 0 in part parser)
DEBUG:parso.python.diff:diff parser end
DEBUG:parso.python.diff:diff parser start
DEBUG:parso.python.diff:diff parser calculated
DEBUG:parso.python.diff:diff: line_lengths old: 1, new: 1
DEBUG:parso.python.diff:diff replace old[1:1] new[1:1]
DEBUG:parso.python.diff:parse_part from 1 to 1 (to 0 in part parser)
DEBUG:parso.python.diff:diff parser end
DEBUG:parso.python.diff:diff parser start
DEBUG:parso.python.diff:diff parser calculated
DEBUG:parso.python.diff:diff: line_lengths old: 1, new: 1
DEBUG:parso.python.diff:diff replace old[1:1] new[1:1]
DEBUG:parso.python.diff:parse_part from 1 to 1 (to 0 in part parser)
DEBUG:parso.python.diff:diff parser end
DEBUG:parso.python.diff:diff parser start
DEBUG:parso.python.diff:diff parser calculated
DEBUG:parso.python.diff:diff: line_lengths old: 1, new: 1
DEBUG:parso.python.diff:diff replace old[1:1] new[1:1]
DEBUG:parso.python.diff:parse_part from 1 to 1 (to 0 in part parser)
DEBUG:parso.python.diff:diff parser end
DEBUG:parso.python.diff:diff parser start
DEBUG:parso.python.diff:diff parser calculated
DEBUG:parso.python.diff:diff: line_lengths old: 1, new: 1
DEBUG:parso.python.diff:diff replace old[1:1] new[1:1]
DEBUG:parso.python.diff:parse_part from 1 to 1 (to 0 in part parser)
DEBUG:parso.python.diff:diff parser end
DEBUG:parso.python.diff:diff parser start
DEBUG:parso.python.diff:diff parser calculated
DEBUG:parso.python.diff:diff: line_lengths old: 1, new: 1
DEBUG:parso.python.diff:diff replace old[1:1] new[1:1]
DEBUG:parso.python.diff:parse_part from 1 to 1 (to 0 in part parser)
DEBUG:parso.python.diff:diff parser end
DEBUG:parso.python.diff:diff parser start
DEBUG:parso.python.diff:diff parser calculated
DEBUG:parso.python.diff:diff: line_lengths old: 1, new: 1
DEBUG:parso.python.diff:diff replace old[1:1] new[1:1]
DEBUG:parso.python.diff:parse_part from 1 to 1 (to 0 in part parser)
DEBUG:parso.python.diff:diff parser end
DEBUG:parso.python.diff:diff parser start
DEBUG:parso.python.diff:diff parser calculated
DEBUG:parso.python.diff:diff: line_lengths old: 1, new: 1
DEBUG:parso.python.diff:diff replace old[1:1] new[1:1]
DEBUG:parso.python.diff:parse_part from 1 to 1 (to 0 in part parser)
DEBUG:parso.python.diff:diff parser end
DEBUG:parso.python.diff:diff parser start
DEBUG:parso.python.diff:diff parser calculated
DEBUG:parso.python.diff:diff: line_lengths old: 1, new: 1
DEBUG:parso.python.diff:diff replace old[1:1] new[1:1]
DEBUG:parso.python.diff:parse_part from 1 to 1 (to 0 in part parser)
DEBUG:parso.python.diff:diff parser end
DEBUG:parso.python.diff:diff parser start
DEBUG:parso.python.diff:diff parser calculated
DEBUG:parso.python.diff:diff: line_lengths old: 1, new: 1
DEBUG:parso.python.diff:diff replace old[1:1] new[1:1]
DEBUG:parso.python.diff:parse_part from 1 to 1 (to 0 in part parser)
DEBUG:parso.python.diff:diff parser end
DEBUG:parso.python.diff:diff parser start
DEBUG:parso.python.diff:diff parser calculated
DEBUG:parso.python.diff:diff: line_lengths old: 1, new: 1
DEBUG:parso.python.diff:diff replace old[1:1] new[1:1]
DEBUG:parso.python.diff:parse_part from 1 to 1 (to 0 in part parser)
DEBUG:parso.python.diff:diff parser end
DEBUG:parso.python.diff:diff parser start
DEBUG:parso.python.diff:diff parser calculated
DEBUG:parso.python.diff:diff: line_lengths old: 1, new: 1
DEBUG:parso.python.diff:diff replace old[1:1] new[1:1]
DEBUG:parso.python.diff:parse_part from 1 to 1 (to 0 in part parser)
DEBUG:parso.python.diff:diff parser end
DEBUG:parso.python.diff:diff parser start
DEBUG:parso.python.diff:diff parser calculated
DEBUG:parso.python.diff:diff: line_lengths old: 1, new: 1
DEBUG:parso.python.diff:diff replace old[1:1] new[1:1]
DEBUG:parso.python.diff:parse_part from 1 to 1 (to 0 in part parser)
DEBUG:parso.python.diff:diff parser end
DEBUG:parso.python.diff:diff parser start
DEBUG:parso.python.diff:diff parser calculated
DEBUG:parso.python.diff:diff: line_lengths old: 1, new: 1
DEBUG:parso.python.diff:diff replace old[1:1] new[1:1]
DEBUG:parso.python.diff:parse_part from 1 to 1 (to 0 in part parser)
DEBUG:parso.python.diff:diff parser end
DEBUG:parso.python.diff:diff parser start
DEBUG:parso.python.diff:diff parser calculated
DEBUG:parso.python.diff:diff: line_lengths old: 1, new: 1
DEBUG:parso.python.diff:diff replace old[1:1] new[1:1]
DEBUG:parso.python.diff:parse_part from 1 to 1 (to 0 in part parser)
DEBUG:parso.python.diff:diff parser end
DEBUG:parso.python.diff:diff parser start
DEBUG:parso.python.diff:diff parser calculated
DEBUG:parso.python.diff:diff: line_lengths old: 1, new: 1
DEBUG:parso.python.diff:diff replace old[1:1] new[1:1]
DEBUG:parso.python.diff:parse_part from 1 to 1 (to 0 in part parser)
DEBUG:parso.python.diff:diff parser end
DEBUG:parso.python.diff:diff parser start
DEBUG:parso.python.diff:diff parser calculated
DEBUG:parso.python.diff:diff: line_lengths old: 1, new: 1
DEBUG:parso.python.diff:diff replace old[1:1] new[1:1]
DEBUG:parso.python.diff:parse_part from 1 to 1 (to 0 in part parser)
DEBUG:parso.python.diff:diff parser end
INFO:root:making object
INFO:root:shuffling
INFO:root:adding key key: SCD0000101_48
INFO:root:adding key key: SCD0000501_29
INFO:root:adding key key: SCD0000101_108
INFO:root:adding key key: SCD0000501_9
INFO:root:adding key key: SCD0000501_149
INFO:root:adding key key: SCD0000301_160
INFO:root:adding key key: SCD0000501_189
INFO:root:adding key key: SCD0000501_139
INFO:root:adding key key: SCD0000101_119
INFO:root:adding key key: SCD0000501_159
INFO:root:adding key key: SCD0000301_200
INFO:root:adding key key: SCD0000201_67
INFO:root:adding key key: SCD0000101_179
INFO:root:adding key key: SCD0000101_208
INFO:root:adding key key: SCD0000501_39
INFO:root:adding key key: SCD0000501_219
INFO:root:adding key key: SCD0000101_159
INFO:root:adding key key: SCD0000301_27
INFO:root:adding key key: SCD0000401_127
INFO:root:adding key key: SCD0000101_148
INFO:root:adding key key: SCD0000501_209
INFO:root:adding key key: SCD0000401_120
INFO:root:adding key key: SCD0000401_67
INFO:root:adding key key: SCD0000301_127
INFO:root:adding key key: SCD0000201_147
INFO:root:adding key key: SCD0000201_220
INFO:root:adding key key: SCD0000201_187
INFO:root:adding key key: SCD0000301_20
INFO:root:adding key key: SCD0000201_60
INFO:root:adding key key: SCD0000501_49
INFO:root:adding key key: SCD0000201_200
INFO:root:adding key key: SCD0000501_199
INFO:root:adding key key: SCD0000401_147
INFO:root:adding key key: SCD0000301_120
INFO:root:adding key key: SCD0000101_79
INFO:root:adding key key: SCD0000101_219
INFO:root:adding key key: SCD0000501_129
INFO:root:adding key key: SCD0000401_80
INFO:root:adding key key: SCD0000501_59
INFO:root:adding key key: SCD0000501_179
INFO:root:adding key key: SCD0000501_109
INFO:root:adding key key: SCD0000201_100
INFO:root:adding key key: SCD0000101_139
INFO:root:adding key key: SCD0000201_160
INFO:root:adding key key: SCD0000401_100
INFO:root:adding key key: SCD0000201_140
INFO:root:adding key key: SCD0000501_119
INFO:root:adding key key: SCD0000501_19
INFO:root:adding key key: SCD0000101_88
INFO:root:adding key key: SCD0000301_60
INFO:root:adding key key: SCD0000401_167
INFO:root:adding key key: SCD0000301_180
INFO:root:adding key key: SCD0000201_107
INFO:root:adding key key: SCD0000101_168
INFO:root:adding key key: SCD0000301_107
INFO:root:adding key key: SCD0000401_40
INFO:root:adding key key: SCD0000401_107
INFO:root:adding key key: SCD0000201_47
INFO:root:adding key key: SCD0000301_47
INFO:root:adding key key: SCD0000401_87
INFO:root:adding key key: SCD0000401_47
INFO:root:adding key key: SCD0000201_127
INFO:root:adding key key: SCD0000301_167
INFO:root:adding key key: SCD0000101_99
INFO:root:adding key key: SCD0000301_67
INFO:root:adding key key: SCD0000501_99
INFO:root:adding key key: SCD0000401_140
INFO:root:adding key key: SCD0000401_60
INFO:root:adding key key: SCD0000501_69
INFO:root:adding key key: SCD0000101_59
INFO:root:adding key key: SCD0000201_87
INFO:root:adding key key: SCD0000201_80
INFO:root:adding key key: SCD0000101_128
INFO:root:adding key key: SCD0000201_207
INFO:root:adding key key: SCD0000501_89
INFO:root:adding key key: SCD0000301_87
INFO:root:adding key key: SCD0000401_180
INFO:root:adding key key: SCD0000401_200
INFO:root:adding key key: SCD0000501_169
INFO:root:adding key key: SCD0000301_7
INFO:root:adding key key: SCD0000301_80
INFO:root:adding key key: SCD0000101_188
INFO:root:adding key key: SCD0000301_147
INFO:root:adding key key: SCD0000101_68
INFO:root:adding key key: SCD0000301_140
INFO:root:adding key key: SCD0000201_120
INFO:root:adding key key: SCD0000201_167
INFO:root:adding key key: SCD0000301_40
INFO:root:adding key key: SCD0000401_187
INFO:root:adding key key: SCD0000301_187
INFO:root:adding key key: SCD0000401_27
INFO:root:adding key key: SCD0000201_180
INFO:root:adding key key: SCD0000301_100
INFO:root:adding key key: SCD0000101_199
INFO:root:adding key key: SCD0000401_160
INFO:root:adding key key: SCD0000501_79
INFO:root:adding key key: SCD0000101_48
INFO:root:adding key key: SCD0000501_29
INFO:root:adding key key: SCD0000101_108
INFO:root:adding key key: SCD0000501_9
INFO:root:adding key key: SCD0000501_149
INFO:root:adding key key: SCD0000301_160
INFO:root:adding key key: SCD0000501_189
INFO:root:adding key key: SCD0000501_139
INFO:root:adding key key: SCD0000101_119
INFO:root:adding key key: SCD0000501_159
INFO:root:adding key key: SCD0000301_200
INFO:root:adding key key: SCD0000201_67
INFO:root:adding key key: SCD0000101_179
INFO:root:adding key key: SCD0000101_208
INFO:root:adding key key: SCD0000501_39
INFO:root:adding key key: SCD0000501_219
INFO:root:adding key key: SCD0000101_159
INFO:root:adding key key: SCD0000301_27
INFO:root:adding key key: SCD0000401_127
INFO:root:adding key key: SCD0000101_148
INFO:root:adding key key: SCD0000501_209
INFO:root:adding key key: SCD0000401_120
INFO:root:adding key key: SCD0000401_67
INFO:root:adding key key: SCD0000301_127
INFO:root:adding key key: SCD0000201_147
INFO:root:adding key key: SCD0000201_220
INFO:root:adding key key: SCD0000201_187
INFO:root:adding key key: SCD0000301_20
INFO:root:adding key key: SCD0000201_60
INFO:root:adding key key: SCD0000501_49
INFO:root:adding key key: SCD0000201_200
INFO:root:adding key key: SCD0000501_199
INFO:root:adding key key: SCD0000401_147
INFO:root:adding key key: SCD0000301_120
INFO:root:adding key key: SCD0000101_79
INFO:root:adding key key: SCD0000101_219
INFO:root:adding key key: SCD0000501_129
INFO:root:adding key key: SCD0000401_80
INFO:root:adding key key: SCD0000501_59
INFO:root:adding key key: SCD0000501_179
INFO:root:adding key key: SCD0000501_109
INFO:root:adding key key: SCD0000201_100
INFO:root:adding key key: SCD0000101_139
INFO:root:adding key key: SCD0000201_160
INFO:root:adding key key: SCD0000401_100
INFO:root:adding key key: SCD0000201_140
INFO:root:adding key key: SCD0000501_119
INFO:root:adding key key: SCD0000501_19
INFO:root:adding key key: SCD0000101_88
INFO:root:adding key key: SCD0000301_60
INFO:root:adding key key: SCD0000401_167
INFO:root:adding key key: SCD0000301_180
INFO:root:adding key key: SCD0000201_107
INFO:root:adding key key: SCD0000101_168
INFO:root:adding key key: SCD0000301_107
INFO:root:adding key key: SCD0000401_40
INFO:root:adding key key: SCD0000401_107
INFO:root:adding key key: SCD0000201_47
INFO:root:adding key key: SCD0000301_47
INFO:root:adding key key: SCD0000401_87
INFO:root:adding key key: SCD0000401_47
INFO:root:adding key key: SCD0000201_127
INFO:root:adding key key: SCD0000301_167
INFO:root:adding key key: SCD0000101_99
INFO:root:adding key key: SCD0000301_67
INFO:root:adding key key: SCD0000501_99
INFO:root:adding key key: SCD0000401_140
INFO:root:adding key key: SCD0000401_60
INFO:root:adding key key: SCD0000501_69
INFO:root:adding key key: SCD0000101_59
INFO:root:adding key key: SCD0000201_87
INFO:root:adding key key: SCD0000201_80
INFO:root:adding key key: SCD0000101_128
INFO:root:adding key key: SCD0000201_207
INFO:root:adding key key: SCD0000501_89
INFO:root:adding key key: SCD0000301_87
INFO:root:adding key key: SCD0000401_180
INFO:root:adding key key: SCD0000401_200
INFO:root:adding key key: SCD0000501_169
INFO:root:adding key key: SCD0000301_7
INFO:root:adding key key: SCD0000301_80
INFO:root:adding key key: SCD0000101_188
INFO:root:adding key key: SCD0000301_147
INFO:root:adding key key: SCD0000101_68
INFO:root:adding key key: SCD0000301_140
INFO:root:adding key key: SCD0000201_120
INFO:root:adding key key: SCD0000201_167
INFO:root:adding key key: SCD0000301_40
INFO:root:adding key key: SCD0000401_187
INFO:root:adding key key: SCD0000301_187
INFO:root:adding key key: SCD0000401_27
INFO:root:adding key key: SCD0000201_180
INFO:root:adding key key: SCD0000301_100
INFO:root:adding key key: SCD0000101_199
INFO:root:adding key key: SCD0000401_160
INFO:root:adding key key: SCD0000501_79
INFO:root:adding key key: SCD0000101_48
INFO:root:adding key key: SCD0000501_29
INFO:root:adding key key: SCD0000101_108
INFO:root:adding key key: SCD0000501_9
INFO:root:adding key key: SCD0000501_149
INFO:root:adding key key: SCD0000301_160
INFO:root:adding key key: SCD0000501_189
INFO:root:adding key key: SCD0000501_139
INFO:root:adding key key: SCD0000101_119
INFO:root:adding key key: SCD0000501_159
INFO:root:adding key key: SCD0000301_200
INFO:root:adding key key: SCD0000201_67
INFO:root:adding key key: SCD0000101_179
INFO:root:adding key key: SCD0000101_208
INFO:root:adding key key: SCD0000501_39
INFO:root:adding key key: SCD0000501_219
INFO:root:adding key key: SCD0000101_159
INFO:root:adding key key: SCD0000301_27
INFO:root:adding key key: SCD0000401_127
INFO:root:adding key key: SCD0000101_148
INFO:root:adding key key: SCD0000501_209
INFO:root:adding key key: SCD0000401_120
INFO:root:adding key key: SCD0000401_67
INFO:root:adding key key: SCD0000301_127
INFO:root:adding key key: SCD0000201_147
INFO:root:adding key key: SCD0000201_220
INFO:root:adding key key: SCD0000201_187
INFO:root:adding key key: SCD0000301_20
INFO:root:adding key key: SCD0000201_60
INFO:root:adding key key: SCD0000501_49
INFO:root:adding key key: SCD0000201_200
INFO:root:adding key key: SCD0000501_199
INFO:root:adding key key: SCD0000401_147
INFO:root:adding key key: SCD0000301_120
INFO:root:adding key key: SCD0000101_79
INFO:root:adding key key: SCD0000101_219
INFO:root:adding key key: SCD0000501_129
INFO:root:adding key key: SCD0000401_80
INFO:root:adding key key: SCD0000501_59
INFO:root:adding key key: SCD0000501_179
INFO:root:adding key key: SCD0000501_109
INFO:root:adding key key: SCD0000201_100
INFO:root:adding key key: SCD0000101_139
INFO:root:adding key key: SCD0000201_160
INFO:root:adding key key: SCD0000401_100
INFO:root:adding key key: SCD0000201_140
INFO:root:adding key key: SCD0000501_119
INFO:root:adding key key: SCD0000501_19
INFO:root:adding key key: SCD0000101_88
INFO:root:adding key key: SCD0000301_60
INFO:root:adding key key: SCD0000401_167
INFO:root:adding key key: SCD0000301_180
INFO:root:adding key key: SCD0000201_107
INFO:root:adding key key: SCD0000101_168
INFO:root:adding key key: SCD0000301_107
INFO:root:adding key key: SCD0000401_40
INFO:root:adding key key: SCD0000401_107
INFO:root:adding key key: SCD0000201_47
INFO:root:adding key key: SCD0000301_47
INFO:root:adding key key: SCD0000401_87
INFO:root:adding key key: SCD0000401_47
INFO:root:adding key key: SCD0000201_127
INFO:root:adding key key: SCD0000301_167
INFO:root:adding key key: SCD0000101_99
INFO:root:adding key key: SCD0000301_67
INFO:root:adding key key: SCD0000501_99
INFO:root:adding key key: SCD0000401_140
INFO:root:adding key key: SCD0000401_60
INFO:root:adding key key: SCD0000501_69
INFO:root:adding key key: SCD0000101_59
INFO:root:adding key key: SCD0000201_87
INFO:root:adding key key: SCD0000201_80
DEBUG:parso.python.diff:diff parser start
DEBUG:parso.python.diff:diff parser calculated
DEBUG:parso.python.diff:diff: line_lengths old: 1, new: 1
DEBUG:parso.python.diff:diff replace old[1:1] new[1:1]
DEBUG:parso.python.diff:parse_part from 1 to 1 (to 0 in part parser)
DEBUG:parso.python.diff:diff parser end
DEBUG:parso.python.diff:diff parser start
DEBUG:parso.python.diff:diff parser calculated
DEBUG:parso.python.diff:diff: line_lengths old: 1, new: 1
DEBUG:parso.python.diff:diff replace old[1:1] new[1:1]
DEBUG:parso.python.diff:parse_part from 1 to 1 (to 0 in part parser)
DEBUG:parso.python.diff:diff parser end
DEBUG:parso.python.diff:diff parser start
DEBUG:parso.python.diff:diff parser calculated
DEBUG:parso.python.diff:diff: line_lengths old: 1, new: 1
DEBUG:parso.python.diff:diff replace old[1:1] new[1:1]
DEBUG:parso.python.diff:parse_part from 1 to 1 (to 0 in part parser)
DEBUG:parso.python.diff:diff parser end
DEBUG:parso.python.diff:diff parser start
DEBUG:parso.python.diff:diff parser calculated
DEBUG:parso.python.diff:diff: line_lengths old: 1, new: 1
DEBUG:parso.python.diff:diff replace old[1:1] new[1:1]
DEBUG:parso.python.diff:parse_part from 1 to 1 (to 0 in part parser)
DEBUG:parso.python.diff:diff parser end
DEBUG:parso.python.diff:diff parser start
DEBUG:parso.python.diff:diff parser calculated
DEBUG:parso.python.diff:diff: line_lengths old: 1, new: 1
DEBUG:parso.python.diff:diff replace old[1:1] new[1:1]
DEBUG:parso.python.diff:parse_part from 1 to 1 (to 0 in part parser)
DEBUG:parso.python.diff:diff parser end
DEBUG:parso.python.diff:diff parser start
DEBUG:parso.python.diff:diff parser calculated
DEBUG:parso.python.diff:diff: line_lengths old: 1, new: 1
DEBUG:parso.python.diff:diff replace old[1:1] new[1:1]
DEBUG:parso.python.diff:parse_part from 1 to 1 (to 0 in part parser)
DEBUG:parso.python.diff:diff parser end
DEBUG:parso.python.diff:diff parser start
DEBUG:parso.python.diff:diff parser calculated
DEBUG:parso.python.diff:diff: line_lengths old: 1, new: 1
DEBUG:parso.python.diff:diff replace old[1:1] new[1:1]
DEBUG:parso.python.diff:parse_part from 1 to 1 (to 0 in part parser)
DEBUG:parso.python.diff:diff parser end
INFO:root:making object
INFO:root:shuffling
INFO:root:adding key key: SCD0000301_180
INFO:root:adding key key: SCD0000301_47
INFO:root:adding key key: SCD0000401_107
INFO:root:adding key key: SCD0000201_80
INFO:root:adding key key: SCD0000101_168
INFO:root:adding key key: SCD0000201_180
INFO:root:adding key key: SCD0000201_147
INFO:root:adding key key: SCD0000201_140
INFO:root:adding key key: SCD0000301_140
INFO:root:adding key key: SCD0000201_167
INFO:root:adding key key: SCD0000301_200
INFO:root:adding key key: SCD0000301_27
INFO:root:adding key key: SCD0000201_87
INFO:root:adding key key: SCD0000501_149
INFO:root:adding key key: SCD0000501_189
INFO:root:adding key key: SCD0000101_208
INFO:root:adding key key: SCD0000201_100
INFO:root:adding key key: SCD0000401_47
INFO:root:adding key key: SCD0000201_107
INFO:root:adding key key: SCD0000301_107
INFO:root:adding key key: SCD0000101_48
INFO:root:adding key key: SCD0000501_139
INFO:root:adding key key: SCD0000201_47
INFO:root:adding key key: SCD0000101_199
INFO:root:adding key key: SCD0000101_179
INFO:root:adding key key: SCD0000101_219
INFO:root:adding key key: SCD0000201_207
INFO:root:adding key key: SCD0000401_200
INFO:root:adding key key: SCD0000201_120
INFO:root:adding key key: SCD0000501_99
INFO:root:adding key key: SCD0000301_87
INFO:root:adding key key: SCD0000501_209
INFO:root:adding key key: SCD0000401_160
INFO:root:adding key key: SCD0000101_88
INFO:root:adding key key: SCD0000401_67
INFO:root:adding key key: SCD0000301_167
INFO:root:adding key key: SCD0000401_27
INFO:root:adding key key: SCD0000501_79
INFO:root:adding key key: SCD0000501_19
INFO:root:adding key key: SCD0000101_99
INFO:root:adding key key: SCD0000201_160
INFO:root:adding key key: SCD0000301_160
INFO:root:adding key key: SCD0000501_119
INFO:root:adding key key: SCD0000401_140
INFO:root:adding key key: SCD0000501_49
INFO:root:adding key key: SCD0000501_109
INFO:root:adding key key: SCD0000401_180
INFO:root:adding key key: SCD0000401_127
INFO:root:adding key key: SCD0000101_159
INFO:root:adding key key: SCD0000501_169
INFO:root:adding key key: SCD0000101_188
INFO:root:adding key key: SCD0000101_108
INFO:root:adding key key: SCD0000501_69
INFO:root:adding key key: SCD0000301_100
INFO:root:adding key key: SCD0000201_127
INFO:root:adding key key: SCD0000101_139
INFO:root:adding key key: SCD0000301_120
INFO:root:adding key key: SCD0000101_79
INFO:root:adding key key: SCD0000401_147
INFO:root:adding key key: SCD0000101_148
INFO:root:adding key key: SCD0000201_187
INFO:root:adding key key: SCD0000501_89
INFO:root:adding key key: SCD0000301_60
INFO:root:adding key key: SCD0000401_80
INFO:root:adding key key: SCD0000401_120
INFO:root:adding key key: SCD0000301_40
INFO:root:adding key key: SCD0000501_179
INFO:root:adding key key: SCD0000401_87
INFO:root:adding key key: SCD0000301_67
INFO:root:adding key key: SCD0000301_80
INFO:root:adding key key: SCD0000501_219
INFO:root:adding key key: SCD0000301_7
INFO:root:adding key key: SCD0000301_20
INFO:root:adding key key: SCD0000401_100
INFO:root:adding key key: SCD0000401_167
INFO:root:adding key key: SCD0000501_59
INFO:root:adding key key: SCD0000201_60
INFO:root:adding key key: SCD0000501_39
INFO:root:adding key key: SCD0000501_159
INFO:root:adding key key: SCD0000101_68
INFO:root:adding key key: SCD0000101_128
INFO:root:adding key key: SCD0000301_187
INFO:root:adding key key: SCD0000401_40
INFO:root:adding key key: SCD0000301_127
INFO:root:adding key key: SCD0000501_199
INFO:root:adding key key: SCD0000201_67
INFO:root:adding key key: SCD0000501_129
INFO:root:adding key key: SCD0000501_9
INFO:root:adding key key: SCD0000401_60
INFO:root:adding key key: SCD0000501_29
INFO:root:adding key key: SCD0000101_119
INFO:root:adding key key: SCD0000101_59
INFO:root:adding key key: SCD0000201_220
INFO:root:adding key key: SCD0000401_187
INFO:root:adding key key: SCD0000301_147
INFO:root:adding key key: SCD0000201_200
INFO:root:adding key key: SCD0000301_180
INFO:root:adding key key: SCD0000301_47
INFO:root:adding key key: SCD0000401_107
INFO:root:adding key key: SCD0000201_80
INFO:root:adding key key: SCD0000101_168
INFO:root:adding key key: SCD0000201_180
INFO:root:adding key key: SCD0000201_147
INFO:root:adding key key: SCD0000201_140
INFO:root:adding key key: SCD0000301_140
INFO:root:adding key key: SCD0000201_167
INFO:root:adding key key: SCD0000301_200
INFO:root:adding key key: SCD0000301_27
INFO:root:adding key key: SCD0000201_87
INFO:root:adding key key: SCD0000501_149
INFO:root:adding key key: SCD0000501_189
INFO:root:adding key key: SCD0000101_208
INFO:root:adding key key: SCD0000201_100
INFO:root:adding key key: SCD0000401_47
INFO:root:adding key key: SCD0000201_107
INFO:root:adding key key: SCD0000301_107
INFO:root:adding key key: SCD0000101_48
INFO:root:adding key key: SCD0000501_139
INFO:root:adding key key: SCD0000201_47
INFO:root:adding key key: SCD0000101_199
INFO:root:adding key key: SCD0000101_179
INFO:root:adding key key: SCD0000101_219
INFO:root:adding key key: SCD0000201_207
INFO:root:adding key key: SCD0000401_200
INFO:root:adding key key: SCD0000201_120
INFO:root:adding key key: SCD0000501_99
INFO:root:adding key key: SCD0000301_87
INFO:root:adding key key: SCD0000501_209
INFO:root:adding key key: SCD0000401_160
INFO:root:adding key key: SCD0000101_88
INFO:root:adding key key: SCD0000401_67
INFO:root:adding key key: SCD0000301_167
INFO:root:adding key key: SCD0000401_27
INFO:root:adding key key: SCD0000501_79
INFO:root:adding key key: SCD0000501_19
INFO:root:adding key key: SCD0000101_99
INFO:root:adding key key: SCD0000201_160
INFO:root:adding key key: SCD0000301_160
INFO:root:adding key key: SCD0000501_119
INFO:root:adding key key: SCD0000401_140
INFO:root:adding key key: SCD0000501_49
INFO:root:adding key key: SCD0000501_109
INFO:root:adding key key: SCD0000401_180
INFO:root:adding key key: SCD0000401_127
INFO:root:adding key key: SCD0000101_159
INFO:root:adding key key: SCD0000501_169
INFO:root:adding key key: SCD0000101_188
INFO:root:adding key key: SCD0000101_108
INFO:root:adding key key: SCD0000501_69
INFO:root:adding key key: SCD0000301_100
INFO:root:adding key key: SCD0000201_127
INFO:root:adding key key: SCD0000101_139
INFO:root:adding key key: SCD0000301_120
INFO:root:adding key key: SCD0000101_79
INFO:root:adding key key: SCD0000401_147
INFO:root:adding key key: SCD0000101_148
INFO:root:adding key key: SCD0000201_187
INFO:root:adding key key: SCD0000501_89
INFO:root:adding key key: SCD0000301_60
INFO:root:adding key key: SCD0000401_80
INFO:root:adding key key: SCD0000401_120
INFO:root:adding key key: SCD0000301_40
INFO:root:adding key key: SCD0000501_179
INFO:root:adding key key: SCD0000401_87
INFO:root:adding key key: SCD0000301_67
INFO:root:adding key key: SCD0000301_80
INFO:root:adding key key: SCD0000501_219
INFO:root:adding key key: SCD0000301_7
INFO:root:adding key key: SCD0000301_20
INFO:root:adding key key: SCD0000401_100
INFO:root:adding key key: SCD0000401_167
INFO:root:adding key key: SCD0000501_59
INFO:root:adding key key: SCD0000201_60
INFO:root:adding key key: SCD0000501_39
INFO:root:adding key key: SCD0000501_159
INFO:root:adding key key: SCD0000101_68
INFO:root:adding key key: SCD0000101_128
INFO:root:adding key key: SCD0000301_187
INFO:root:adding key key: SCD0000401_40
INFO:root:adding key key: SCD0000301_127
INFO:root:adding key key: SCD0000501_199
INFO:root:adding key key: SCD0000201_67
INFO:root:adding key key: SCD0000501_129
INFO:root:adding key key: SCD0000501_9
INFO:root:adding key key: SCD0000401_60
INFO:root:adding key key: SCD0000501_29
INFO:root:adding key key: SCD0000101_119
INFO:root:adding key key: SCD0000101_59
INFO:root:adding key key: SCD0000201_220
INFO:root:adding key key: SCD0000401_187
INFO:root:adding key key: SCD0000301_147
INFO:root:adding key key: SCD0000201_200
INFO:root:adding key key: SCD0000301_180
INFO:root:adding key key: SCD0000301_47
INFO:root:adding key key: SCD0000401_107
INFO:root:adding key key: SCD0000201_80
INFO:root:adding key key: SCD0000101_168
INFO:root:adding key key: SCD0000201_180
INFO:root:adding key key: SCD0000201_147
INFO:root:adding key key: SCD0000201_140
INFO:root:adding key key: SCD0000301_140
INFO:root:adding key key: SCD0000201_167
INFO:root:adding key key: SCD0000301_200
INFO:root:adding key key: SCD0000301_27
INFO:root:adding key key: SCD0000201_87
INFO:root:adding key key: SCD0000501_149
INFO:root:adding key key: SCD0000501_189
INFO:root:adding key key: SCD0000101_208
INFO:root:adding key key: SCD0000201_100
INFO:root:adding key key: SCD0000401_47
INFO:root:adding key key: SCD0000201_107
INFO:root:adding key key: SCD0000301_107
INFO:root:adding key key: SCD0000101_48
INFO:root:adding key key: SCD0000501_139
INFO:root:adding key key: SCD0000201_47
INFO:root:adding key key: SCD0000101_199
INFO:root:adding key key: SCD0000101_179
INFO:root:adding key key: SCD0000101_219
INFO:root:adding key key: SCD0000201_207
INFO:root:adding key key: SCD0000401_200
INFO:root:adding key key: SCD0000201_120
INFO:root:adding key key: SCD0000501_99
INFO:root:adding key key: SCD0000301_87
INFO:root:adding key key: SCD0000501_209
INFO:root:adding key key: SCD0000401_160
INFO:root:adding key key: SCD0000101_88
INFO:root:adding key key: SCD0000401_67
INFO:root:adding key key: SCD0000301_167
INFO:root:adding key key: SCD0000401_27
INFO:root:adding key key: SCD0000501_79
INFO:root:adding key key: SCD0000501_19
INFO:root:adding key key: SCD0000101_99
INFO:root:adding key key: SCD0000201_160
INFO:root:adding key key: SCD0000301_160
INFO:root:adding key key: SCD0000501_119
INFO:root:adding key key: SCD0000401_140
INFO:root:adding key key: SCD0000501_49
INFO:root:adding key key: SCD0000501_109
INFO:root:adding key key: SCD0000401_180
INFO:root:adding key key: SCD0000401_127
INFO:root:adding key key: SCD0000101_159
INFO:root:adding key key: SCD0000501_169
INFO:root:adding key key: SCD0000101_188
INFO:root:adding key key: SCD0000101_108
INFO:root:adding key key: SCD0000501_69
INFO:root:adding key key: SCD0000301_100
INFO:root:adding key key: SCD0000201_127
INFO:root:adding key key: SCD0000101_139
INFO:root:adding key key: SCD0000301_120
INFO:root:adding key key: SCD0000101_79
INFO:root:adding key key: SCD0000401_147
INFO:root:adding key key: SCD0000101_148
INFO:root:adding key key: SCD0000201_187
INFO:root:adding key key: SCD0000501_89
INFO:root:adding key key: SCD0000301_60
INFO:root:adding key key: SCD0000401_80
INFO:root:adding key key: SCD0000401_120
INFO:root:adding key key: SCD0000301_40
INFO:root:adding key key: SCD0000501_179
INFO:root:adding key key: SCD0000401_87
INFO:root:adding key key: SCD0000301_67
INFO:root:adding key key: SCD0000301_80
INFO:root:adding key key: SCD0000501_219
INFO:root:adding key key: SCD0000301_7
INFO:root:adding key key: SCD0000301_20
INFO:root:adding key key: SCD0000401_100
INFO:root:adding key key: SCD0000401_167
INFO:root:adding key key: SCD0000501_59
INFO:root:adding key key: SCD0000201_60
INFO:root:adding key key: SCD0000501_39
INFO:root:adding key key: SCD0000501_159
INFO:root:adding key key: SCD0000101_68
INFO:root:adding key key: SCD0000101_128
INFO:root:adding key key: SCD0000301_187
INFO:root:adding key key: SCD0000401_40
INFO:root:adding key key: SCD0000301_127
INFO:root:adding key key: SCD0000501_199
INFO:root:adding key key: SCD0000201_67
INFO:root:adding key key: SCD0000501_129
INFO:root:adding key key: SCD0000501_9
INFO:root:adding key key: SCD0000401_60
INFO:root:adding key key: SCD0000501_29
INFO:root:adding key key: SCD0000101_119
INFO:root:adding key key: SCD0000101_59
INFO:root:adding key key: SCD0000201_220
INFO:root:adding key key: SCD0000401_187
INFO:root:adding key key: SCD0000301_147
INFO:root:adding key key: SCD0000201_200
INFO:root:adding key key: SCD0000301_180
INFO:root:adding key key: SCD0000301_47
INFO:root:adding key key: SCD0000401_107
INFO:root:adding key key: SCD0000201_80
INFO:root:adding key key: SCD0000101_168
INFO:root:adding key key: SCD0000201_180
INFO:root:adding key key: SCD0000201_147
INFO:root:adding key key: SCD0000201_140
INFO:root:adding key key: SCD0000301_140
INFO:root:adding key key: SCD0000201_167
INFO:root:adding key key: SCD0000301_200
INFO:root:adding key key: SCD0000301_27
INFO:root:adding key key: SCD0000201_87
INFO:root:adding key key: SCD0000501_149
INFO:root:adding key key: SCD0000501_189
INFO:root:adding key key: SCD0000101_208
INFO:root:adding key key: SCD0000201_100
INFO:root:adding key key: SCD0000401_47
INFO:root:adding key key: SCD0000201_107
INFO:root:adding key key: SCD0000301_107
INFO:root:adding key key: SCD0000101_48
INFO:root:adding key key: SCD0000501_139
INFO:root:adding key key: SCD0000201_47
INFO:root:adding key key: SCD0000101_199
INFO:root:adding key key: SCD0000101_179
INFO:root:adding key key: SCD0000101_219
INFO:root:adding key key: SCD0000201_207
INFO:root:adding key key: SCD0000401_200
INFO:root:adding key key: SCD0000201_120
INFO:root:adding key key: SCD0000501_99
INFO:root:adding key key: SCD0000301_87
INFO:root:adding key key: SCD0000501_209
INFO:root:adding key key: SCD0000401_160
INFO:root:adding key key: SCD0000101_88
INFO:root:adding key key: SCD0000401_67
INFO:root:adding key key: SCD0000301_167
INFO:root:adding key key: SCD0000401_27
INFO:root:adding key key: SCD0000501_79
INFO:root:adding key key: SCD0000501_19
INFO:root:adding key key: SCD0000101_99
INFO:root:adding key key: SCD0000201_160
INFO:root:adding key key: SCD0000301_160
INFO:root:adding key key: SCD0000501_119
INFO:root:adding key key: SCD0000401_140
INFO:root:adding key key: SCD0000501_49
INFO:root:adding key key: SCD0000501_109
INFO:root:adding key key: SCD0000401_180
INFO:root:adding key key: SCD0000401_127
INFO:root:adding key key: SCD0000101_159
INFO:root:adding key key: SCD0000501_169
INFO:root:adding key key: SCD0000101_188
INFO:root:adding key key: SCD0000101_108
INFO:root:adding key key: SCD0000501_69
INFO:root:adding key key: SCD0000301_100
INFO:root:adding key key: SCD0000201_127
INFO:root:adding key key: SCD0000101_139
INFO:root:adding key key: SCD0000301_120
INFO:root:adding key key: SCD0000101_79
INFO:root:adding key key: SCD0000401_147
INFO:root:adding key key: SCD0000101_148
INFO:root:adding key key: SCD0000201_187
INFO:root:adding key key: SCD0000501_89
INFO:root:adding key key: SCD0000301_60
INFO:root:adding key key: SCD0000401_80
INFO:root:adding key key: SCD0000401_120
INFO:root:adding key key: SCD0000301_40
INFO:root:adding key key: SCD0000501_179
INFO:root:adding key key: SCD0000401_87
INFO:root:adding key key: SCD0000301_67
INFO:root:adding key key: SCD0000301_80
INFO:root:adding key key: SCD0000501_219
INFO:root:adding key key: SCD0000301_7
INFO:root:adding key key: SCD0000301_20
INFO:root:adding key key: SCD0000401_100
INFO:root:adding key key: SCD0000401_167
INFO:root:adding key key: SCD0000501_59
INFO:root:adding key key: SCD0000201_60
INFO:root:adding key key: SCD0000501_39
INFO:root:adding key key: SCD0000501_159
INFO:root:adding key key: SCD0000101_68
INFO:root:adding key key: SCD0000101_128
INFO:root:adding key key: SCD0000301_187
INFO:root:adding key key: SCD0000401_40
INFO:root:adding key key: SCD0000301_127
INFO:root:adding key key: SCD0000501_199
INFO:root:adding key key: SCD0000201_67
INFO:root:adding key key: SCD0000501_129
INFO:root:adding key key: SCD0000501_9
INFO:root:adding key key: SCD0000401_60
INFO:root:adding key key: SCD0000501_29
INFO:root:adding key key: SCD0000101_119
INFO:root:adding key key: SCD0000101_59
INFO:root:adding key key: SCD0000201_220
INFO:root:adding key key: SCD0000401_187
INFO:root:adding key key: SCD0000301_147
INFO:root:adding key key: SCD0000201_200
INFO:root:adding key key: SCD0000301_180
INFO:root:adding key key: SCD0000301_47
INFO:root:adding key key: SCD0000401_107
INFO:root:adding key key: SCD0000201_80
INFO:root:adding key key: SCD0000101_168
INFO:root:adding key key: SCD0000201_180
INFO:root:adding key key: SCD0000201_147
INFO:root:adding key key: SCD0000201_140
INFO:root:adding key key: SCD0000301_140
INFO:root:adding key key: SCD0000201_167
INFO:root:adding key key: SCD0000301_200
INFO:root:adding key key: SCD0000301_27
INFO:root:adding key key: SCD0000201_87
INFO:root:adding key key: SCD0000501_149
INFO:root:adding key key: SCD0000501_189
INFO:root:adding key key: SCD0000101_208
INFO:root:adding key key: SCD0000201_100
INFO:root:adding key key: SCD0000401_47
INFO:root:adding key key: SCD0000201_107
INFO:root:adding key key: SCD0000301_107
INFO:root:adding key key: SCD0000101_48
INFO:root:adding key key: SCD0000501_139
INFO:root:adding key key: SCD0000201_47
INFO:root:adding key key: SCD0000101_199
INFO:root:adding key key: SCD0000101_179
INFO:root:adding key key: SCD0000101_219
INFO:root:adding key key: SCD0000201_207
INFO:root:adding key key: SCD0000401_200
INFO:root:adding key key: SCD0000201_120
INFO:root:adding key key: SCD0000501_99
INFO:root:adding key key: SCD0000301_87
INFO:root:adding key key: SCD0000501_209
INFO:root:adding key key: SCD0000401_160
INFO:root:adding key key: SCD0000101_88
INFO:root:adding key key: SCD0000401_67
INFO:root:adding key key: SCD0000301_167
INFO:root:adding key key: SCD0000401_27
INFO:root:adding key key: SCD0000501_79
INFO:root:adding key key: SCD0000501_19
INFO:root:adding key key: SCD0000101_99
INFO:root:adding key key: SCD0000201_160
INFO:root:adding key key: SCD0000301_160
INFO:root:adding key key: SCD0000501_119
INFO:root:adding key key: SCD0000401_140
INFO:root:adding key key: SCD0000501_49
INFO:root:adding key key: SCD0000501_109
INFO:root:adding key key: SCD0000401_180
INFO:root:adding key key: SCD0000401_127
INFO:root:adding key key: SCD0000101_159
INFO:root:adding key key: SCD0000501_169
INFO:root:adding key key: SCD0000101_188
INFO:root:adding key key: SCD0000101_108
INFO:root:adding key key: SCD0000501_69
INFO:root:adding key key: SCD0000301_100
INFO:root:adding key key: SCD0000201_127
INFO:root:adding key key: SCD0000101_139
INFO:root:adding key key: SCD0000301_120
INFO:root:adding key key: SCD0000101_79
INFO:root:adding key key: SCD0000401_147
INFO:root:adding key key: SCD0000101_148
INFO:root:adding key key: SCD0000201_187
INFO:root:adding key key: SCD0000501_89
INFO:root:adding key key: SCD0000301_60
INFO:root:adding key key: SCD0000401_80
INFO:root:adding key key: SCD0000401_120
INFO:root:adding key key: SCD0000301_40
INFO:root:adding key key: SCD0000501_179
INFO:root:adding key key: SCD0000401_87
INFO:root:adding key key: SCD0000301_67
INFO:root:adding key key: SCD0000301_80
INFO:root:adding key key: SCD0000501_219
INFO:root:adding key key: SCD0000301_7
INFO:root:adding key key: SCD0000301_20
INFO:root:adding key key: SCD0000401_100
INFO:root:adding key key: SCD0000401_167
INFO:root:adding key key: SCD0000501_59
INFO:root:adding key key: SCD0000201_60
INFO:root:adding key key: SCD0000501_39
INFO:root:adding key key: SCD0000501_159
INFO:root:adding key key: SCD0000101_68
